<?xml version="1.0" encoding="UTF-8"?>
<!-- Generated by org.testng.reporters.JUnitXMLReporter -->
<testsuite ignored="0" hostname="admin-PC" failures="1" tests="2" name="Test" time="65.442" errors="0" timestamp="2024-12-19T12:10:06 IST">
  <testcase classname="AllTest.FirstTest" name="Secondtesting" time="23.556"/>
  <testcase classname="AllTest.FirstTest" name="firsttesting" time="17.238">
    <failure type="java.lang.AssertionError" message="expected:&amp;lt;280.97&amp;gt; but was:&amp;lt;10&amp;gt;">
      <![CDATA[java.lang.AssertionError: expected:<280.97> but was:<10>
at AllTest.FirstTest.firsttesting(FirstTest.java:52)
at java.base/java.util.ArrayList.forEach(ArrayList.java:1541)
... Removed 35 stack frames]]>
    </failure>
  </testcase> <!-- firsttesting -->
</testsuite> <!-- Test -->
